==[Sat Apr 25 15:41:15 EDT 2026]== sample (convolutional, fp16/AMP, 100 steps, paired_repeat=1, --use-test-labels)
Using checkpoint: /grid/koo/home/duran/d3-dna/examples/promoter/cache/D3_Conv_Promoter.ckpt
Using test set labels: 7497 samples (paired_repeat=1), shape torch.Size([7497, 1024, 1])
Loading checkpoint: /grid/koo/home/duran/d3-dna/examples/promoter/cache/D3_Conv_Promoter.ckpt
Generating 7497 sequences in batches of 64 (len=1024, steps=100)
Saved 7497 sequences:
  NPZ:   generated_zenodo_conv/samples.npz shape=(7497, 1024, 4)
  FASTA: generated_zenodo_conv/samples.fasta
==[Sat Apr 25 15:47:46 EDT 2026]== evaluate (mse, ks, js, auroc)
Found 2 sample file(s) in generated_zenodo_conv

=== sample ===
[eval] real=(7497, 4, 1024) gen=(7497, 4, 1024)
[oracle] predicting on real...
[oracle] predicting on generated...
=== mse ===
  fidelity_mse: 0.027531
=== ks ===
  ks_statistic: 0.067360
=== js ===
  js_divergence (k=6): 0.000586
=== auroc ===
  auroc: 0.529230
saved -> eval_zenodo_conv/sample.json

=== samples ===
[eval] real=(7497, 4, 1024) gen=(7497, 4, 1024)
[oracle] predicting on real...
[oracle] predicting on generated...
=== mse ===
  fidelity_mse: 0.027531
=== ks ===
  ks_statistic: 0.067360
=== js ===
  js_divergence (k=6): 0.000586
=== auroc ===
  auroc: 0.578337
saved -> eval_zenodo_conv/samples.json

=== Mean across replicates ===
  auroc: 0.553784
  fidelity_mse: 0.027531
  js_divergence: 0.000586
  ks_statistic: 0.067360

Saved: eval_zenodo_conv/summary.csv, eval_zenodo_conv/summary.json, and per-replicate JSONs in eval_zenodo_conv/
==[Sat Apr 25 15:50:05 EDT 2026]== done
